<?xml version="1.0" encoding="UTF-8"?>
<testsuite name="com.orilinc.portfolio.controller.UserControllerTest" tests="2" skipped="0" failures="0" errors="0" timestamp="2017-06-15T07:22:00" hostname="mariana-HP-EliteBook-Folio-1040-G1" time="0.684">
  <properties/>
  <testcase name="addNewUser" classname="com.orilinc.portfolio.controller.UserControllerTest" time="0.573"/>
  <testcase name="getAllUser" classname="com.orilinc.portfolio.controller.UserControllerTest" time="0.108"/>
  <system-out><![CDATA[10:21:56.696 [Test worker] DEBUG org.springframework.test.context.junit4.SpringJUnit4ClassRunner - SpringJUnit4ClassRunner constructor called with [class com.orilinc.portfolio.controller.UserControllerTest]
10:21:56.707 [Test worker] DEBUG org.springframework.test.context.BootstrapUtils - Instantiating CacheAwareContextLoaderDelegate from class [org.springframework.test.context.cache.DefaultCacheAwareContextLoaderDelegate]
10:21:56.727 [Test worker] DEBUG org.springframework.test.context.BootstrapUtils - Instantiating BootstrapContext using constructor [public org.springframework.test.context.support.DefaultBootstrapContext(java.lang.Class,org.springframework.test.context.CacheAwareContextLoaderDelegate)]
10:21:56.763 [Test worker] DEBUG org.springframework.test.context.BootstrapUtils - Instantiating TestContextBootstrapper for test class [com.orilinc.portfolio.controller.UserControllerTest] from class [org.springframework.test.context.web.WebTestContextBootstrapper]
10:21:56.833 [Test worker] DEBUG org.springframework.test.context.support.AbstractDelegatingSmartContextLoader - Delegating to AnnotationConfigWebContextLoader to process context configuration [ContextConfigurationAttributes@3668cccb declaringClass = 'com.orilinc.portfolio.test.runner.ApplicationControllerRunner', classes = '{class com.orilinc.portfolio.configuration.ApplicationControllerBeans, class com.orilinc.portfolio.configuration.ApplicationRepositoryMockBeans, class com.orilinc.portfolio.configuration.ApplicationServiceMockBeans, class com.orilinc.portfolio.configuration.ApplicationPropertiesMockBeans}', locations = '{}', inheritLocations = true, initializers = '{}', inheritInitializers = true, name = [null], contextLoaderClass = 'org.springframework.test.context.ContextLoader'].
10:21:56.913 [Test worker] DEBUG org.springframework.test.context.support.ActiveProfilesUtils - Could not find an 'annotation declaring class' for annotation type [org.springframework.test.context.ActiveProfiles] and class [com.orilinc.portfolio.controller.UserControllerTest]
10:21:56.916 [Test worker] DEBUG org.springframework.test.context.web.WebTestContextBootstrapper - @TestExecutionListeners is not present for class [com.orilinc.portfolio.controller.UserControllerTest]: using defaults.
10:21:56.929 [Test worker] INFO org.springframework.test.context.web.WebTestContextBootstrapper - Loaded default TestExecutionListener class names from location [META-INF/spring.factories]: [org.springframework.boot.test.mock.mockito.MockitoTestExecutionListener, org.springframework.boot.test.mock.mockito.ResetMocksTestExecutionListener, org.springframework.boot.test.autoconfigure.restdocs.RestDocsTestExecutionListener, org.springframework.boot.test.autoconfigure.web.client.MockRestServiceServerResetTestExecutionListener, org.springframework.boot.test.autoconfigure.web.servlet.MockMvcPrintOnlyOnFailureTestExecutionListener, org.springframework.boot.test.autoconfigure.web.servlet.WebDriverTestExecutionListener, org.springframework.test.context.web.ServletTestExecutionListener, org.springframework.test.context.support.DirtiesContextBeforeModesTestExecutionListener, org.springframework.test.context.support.DependencyInjectionTestExecutionListener, org.springframework.test.context.support.DirtiesContextTestExecutionListener, org.springframework.test.context.transaction.TransactionalTestExecutionListener, org.springframework.test.context.jdbc.SqlScriptsTestExecutionListener]
10:21:56.963 [Test worker] INFO org.springframework.test.context.web.WebTestContextBootstrapper - Using TestExecutionListeners: [org.springframework.test.context.web.ServletTestExecutionListener@17031b9f, org.springframework.test.context.support.DirtiesContextBeforeModesTestExecutionListener@304b4c20, org.springframework.test.context.support.DependencyInjectionTestExecutionListener@41e9ce21, org.springframework.test.context.support.DirtiesContextTestExecutionListener@332f6681, org.springframework.test.context.transaction.TransactionalTestExecutionListener@3cff4c98, org.springframework.test.context.jdbc.SqlScriptsTestExecutionListener@56bf3d6b, org.springframework.boot.test.autoconfigure.web.servlet.MockMvcPrintOnlyOnFailureTestExecutionListener@59a8795b, org.springframework.boot.test.autoconfigure.web.client.MockRestServiceServerResetTestExecutionListener@117b0781, org.springframework.boot.test.mock.mockito.MockitoTestExecutionListener@57a602ba, org.springframework.boot.test.mock.mockito.ResetMocksTestExecutionListener@78dd2940, org.springframework.boot.test.autoconfigure.restdocs.RestDocsTestExecutionListener@62a5f5a1, org.springframework.boot.test.autoconfigure.web.servlet.WebDriverTestExecutionListener@2baba17b]
10:21:56.969 [Test worker] DEBUG org.springframework.test.annotation.ProfileValueUtils - Retrieved @ProfileValueSourceConfiguration [null] for test class [com.orilinc.portfolio.controller.UserControllerTest]
10:21:56.970 [Test worker] DEBUG org.springframework.test.annotation.ProfileValueUtils - Retrieved ProfileValueSource type [class org.springframework.test.annotation.SystemProfileValueSource] for class [com.orilinc.portfolio.controller.UserControllerTest]
10:21:56.972 [Test worker] DEBUG org.springframework.test.annotation.ProfileValueUtils - Retrieved @ProfileValueSourceConfiguration [null] for test class [com.orilinc.portfolio.controller.UserControllerTest]
10:21:56.973 [Test worker] DEBUG org.springframework.test.annotation.ProfileValueUtils - Retrieved ProfileValueSource type [class org.springframework.test.annotation.SystemProfileValueSource] for class [com.orilinc.portfolio.controller.UserControllerTest]
10:21:56.981 [Test worker] DEBUG org.springframework.test.context.support.AbstractDirtiesContextTestExecutionListener - Before test class: context [DefaultTestContext@1f59536d testClass = UserControllerTest, testInstance = [null], testMethod = [null], testException = [null], mergedContextConfiguration = [WebMergedContextConfiguration@60f7b2e8 testClass = UserControllerTest, locations = '{}', classes = '{class com.orilinc.portfolio.configuration.ApplicationControllerBeans, class com.orilinc.portfolio.configuration.ApplicationRepositoryMockBeans, class com.orilinc.portfolio.configuration.ApplicationServiceMockBeans, class com.orilinc.portfolio.configuration.ApplicationPropertiesMockBeans}', contextInitializerClasses = '[]', activeProfiles = '{}', propertySourceLocations = '{}', propertySourceProperties = '{}', contextCustomizers = set[org.springframework.boot.test.context.filter.ExcludeFilterContextCustomizer@c12234e, org.springframework.boot.test.json.DuplicateJsonObjectContextCustomizerFactory$DuplicateJsonObjectContextCustomizer@2aac8170, org.springframework.boot.test.mock.mockito.MockitoContextCustomizer@0, org.springframework.boot.test.autoconfigure.properties.PropertyMappingContextCustomizer@0, org.springframework.boot.test.autoconfigure.web.servlet.WebDriverContextCustomizerFactory$Customizer@61c32027, org.springframework.test.context.web.socket.MockServerContainerContextCustomizer@72602750], resourceBasePath = 'src/main/webapp', contextLoader = 'org.springframework.test.context.web.WebDelegatingSmartContextLoader', parent = [null]]], class annotated with @DirtiesContext [false] with mode [null].
10:21:56.985 [Test worker] DEBUG org.springframework.test.annotation.ProfileValueUtils - Retrieved @ProfileValueSourceConfiguration [null] for test class [com.orilinc.portfolio.controller.UserControllerTest]
10:21:56.986 [Test worker] DEBUG org.springframework.test.annotation.ProfileValueUtils - Retrieved ProfileValueSource type [class org.springframework.test.annotation.SystemProfileValueSource] for class [com.orilinc.portfolio.controller.UserControllerTest]
10:21:57.236 [Test worker] DEBUG org.springframework.test.context.support.AbstractDelegatingSmartContextLoader - Delegating to AnnotationConfigWebContextLoader to load context from [WebMergedContextConfiguration@60f7b2e8 testClass = UserControllerTest, locations = '{}', classes = '{class com.orilinc.portfolio.configuration.ApplicationControllerBeans, class com.orilinc.portfolio.configuration.ApplicationRepositoryMockBeans, class com.orilinc.portfolio.configuration.ApplicationServiceMockBeans, class com.orilinc.portfolio.configuration.ApplicationPropertiesMockBeans}', contextInitializerClasses = '[]', activeProfiles = '{}', propertySourceLocations = '{}', propertySourceProperties = '{}', contextCustomizers = set[org.springframework.boot.test.context.filter.ExcludeFilterContextCustomizer@c12234e, org.springframework.boot.test.json.DuplicateJsonObjectContextCustomizerFactory$DuplicateJsonObjectContextCustomizer@2aac8170, org.springframework.boot.test.mock.mockito.MockitoContextCustomizer@0, org.springframework.boot.test.autoconfigure.properties.PropertyMappingContextCustomizer@0, org.springframework.boot.test.autoconfigure.web.servlet.WebDriverContextCustomizerFactory$Customizer@61c32027, org.springframework.test.context.web.socket.MockServerContainerContextCustomizer@72602750], resourceBasePath = 'src/main/webapp', contextLoader = 'org.springframework.test.context.web.WebDelegatingSmartContextLoader', parent = [null]].
10:21:57.237 [Test worker] DEBUG org.springframework.test.context.web.AbstractGenericWebContextLoader - Loading WebApplicationContext for merged context configuration [WebMergedContextConfiguration@60f7b2e8 testClass = UserControllerTest, locations = '{}', classes = '{class com.orilinc.portfolio.configuration.ApplicationControllerBeans, class com.orilinc.portfolio.configuration.ApplicationRepositoryMockBeans, class com.orilinc.portfolio.configuration.ApplicationServiceMockBeans, class com.orilinc.portfolio.configuration.ApplicationPropertiesMockBeans}', contextInitializerClasses = '[]', activeProfiles = '{}', propertySourceLocations = '{}', propertySourceProperties = '{}', contextCustomizers = set[org.springframework.boot.test.context.filter.ExcludeFilterContextCustomizer@c12234e, org.springframework.boot.test.json.DuplicateJsonObjectContextCustomizerFactory$DuplicateJsonObjectContextCustomizer@2aac8170, org.springframework.boot.test.mock.mockito.MockitoContextCustomizer@0, org.springframework.boot.test.autoconfigure.properties.PropertyMappingContextCustomizer@0, org.springframework.boot.test.autoconfigure.web.servlet.WebDriverContextCustomizerFactory$Customizer@61c32027, org.springframework.test.context.web.socket.MockServerContainerContextCustomizer@72602750], resourceBasePath = 'src/main/webapp', contextLoader = 'org.springframework.test.context.web.WebDelegatingSmartContextLoader', parent = [null]].
10:21:57.296 [Test worker] DEBUG org.springframework.web.context.support.StandardServletEnvironment - Adding [servletConfigInitParams] PropertySource with lowest search precedence
10:21:57.296 [Test worker] DEBUG org.springframework.web.context.support.StandardServletEnvironment - Adding [servletContextInitParams] PropertySource with lowest search precedence
10:21:57.302 [Test worker] DEBUG org.springframework.web.context.support.StandardServletEnvironment - Adding [systemProperties] PropertySource with lowest search precedence
10:21:57.303 [Test worker] DEBUG org.springframework.web.context.support.StandardServletEnvironment - Adding [systemEnvironment] PropertySource with lowest search precedence
10:21:57.303 [Test worker] DEBUG org.springframework.web.context.support.StandardServletEnvironment - Initialized StandardServletEnvironment with PropertySources [servletConfigInitParams,servletContextInitParams,systemProperties,systemEnvironment]
10:21:57.304 [Test worker] DEBUG org.springframework.test.context.web.AnnotationConfigWebContextLoader - Registering annotated classes: {class com.orilinc.portfolio.configuration.ApplicationControllerBeans, class com.orilinc.portfolio.configuration.ApplicationRepositoryMockBeans, class com.orilinc.portfolio.configuration.ApplicationServiceMockBeans, class com.orilinc.portfolio.configuration.ApplicationPropertiesMockBeans}
10:21:57.434 [Test worker] INFO org.springframework.web.context.support.GenericWebApplicationContext - Refreshing org.springframework.web.context.support.GenericWebApplicationContext@88c0bdc: startup date [Thu Jun 15 10:21:57 EEST 2017]; root of context hierarchy
10:21:57.441 [Test worker] DEBUG org.springframework.web.context.support.StandardServletEnvironment - Replacing [servletContextInitParams] PropertySource with [servletContextInitParams]
10:21:57.441 [Test worker] DEBUG org.springframework.web.context.support.GenericWebApplicationContext - Bean factory for org.springframework.web.context.support.GenericWebApplicationContext@88c0bdc: org.springframework.beans.factory.support.DefaultListableBeanFactory@21ce2c32: defining beans [org.springframework.context.annotation.internalConfigurationAnnotationProcessor,org.springframework.context.annotation.internalAutowiredAnnotationProcessor,org.springframework.context.annotation.internalRequiredAnnotationProcessor,org.springframework.context.annotation.internalCommonAnnotationProcessor,org.springframework.context.annotation.internalPersistenceAnnotationProcessor,org.springframework.context.event.internalEventListenerProcessor,org.springframework.context.event.internalEventListenerFactory,applicationControllerBeans,applicationRepositoryMockBeans,applicationServiceMockBeans,applicationPropertiesMockBeans,org.springframework.boot.test.mock.mockito.MockitoPostProcessor$SpyPostProcessor,org.springframework.boot.test.mock.mockito.MockitoPostProcessor]; root of factory hierarchy
10:21:57.457 [Test worker] DEBUG org.springframework.beans.factory.support.DefaultListableBeanFactory - Registering scope 'request' with implementation [org.springframework.web.context.request.RequestScope@3d177755]
10:21:57.457 [Test worker] DEBUG org.springframework.beans.factory.support.DefaultListableBeanFactory - Registering scope 'session' with implementation [org.springframework.web.context.request.SessionScope@62c262c9]
10:21:57.458 [Test worker] DEBUG org.springframework.beans.factory.support.DefaultListableBeanFactory - Registering scope 'globalSession' with implementation [org.springframework.web.context.request.SessionScope@64690c1b]
10:21:57.458 [Test worker] DEBUG org.springframework.beans.factory.support.DefaultListableBeanFactory - Registering scope 'application' with implementation [org.springframework.web.context.support.ServletContextScope@3f5dc038]
10:21:57.468 [Test worker] DEBUG org.springframework.beans.factory.support.DefaultListableBeanFactory - Creating shared instance of singleton bean 'org.springframework.context.annotation.internalConfigurationAnnotationProcessor'
10:21:57.469 [Test worker] DEBUG org.springframework.beans.factory.support.DefaultListableBeanFactory - Creating instance of bean 'org.springframework.context.annotation.internalConfigurationAnnotationProcessor'
10:21:57.504 [Test worker] DEBUG org.springframework.beans.factory.support.DefaultListableBeanFactory - Eagerly caching bean 'org.springframework.context.annotation.internalConfigurationAnnotationProcessor' to allow for resolving potential circular references
10:21:57.511 [Test worker] DEBUG org.springframework.beans.factory.support.DefaultListableBeanFactory - Finished creating instance of bean 'org.springframework.context.annotation.internalConfigurationAnnotationProcessor'
10:21:57.569 [Test worker] DEBUG org.springframework.context.annotation.ClassPathBeanDefinitionScanner - JSR-250 'javax.annotation.ManagedBean' found and supported for component scanning
10:21:57.581 [Test worker] DEBUG org.springframework.core.io.support.PathMatchingResourcePatternResolver - Resolved classpath location [com/orilinc/portfolio/controller/] to resources [URL [file:/home/mariana/developer/workspace/portfolio-spring-boot/build/classes/test/com/orilinc/portfolio/controller/], URL [file:/home/mariana/developer/workspace/portfolio-spring-boot/build/classes/main/com/orilinc/portfolio/controller/]]
10:21:57.586 [Test worker] DEBUG org.springframework.core.io.support.PathMatchingResourcePatternResolver - Looking for matching resources in directory tree [/home/mariana/developer/workspace/portfolio-spring-boot/build/classes/test/com/orilinc/portfolio/controller]
10:21:57.588 [Test worker] DEBUG org.springframework.core.io.support.PathMatchingResourcePatternResolver - Searching directory [/home/mariana/developer/workspace/portfolio-spring-boot/build/classes/test/com/orilinc/portfolio/controller] for files matching pattern [/home/mariana/developer/workspace/portfolio-spring-boot/build/classes/test/com/orilinc/portfolio/controller/**/*.class]
10:21:57.596 [Test worker] DEBUG org.springframework.core.io.support.PathMatchingResourcePatternResolver - Looking for matching resources in directory tree [/home/mariana/developer/workspace/portfolio-spring-boot/build/classes/main/com/orilinc/portfolio/controller]
10:21:57.602 [Test worker] DEBUG org.springframework.core.io.support.PathMatchingResourcePatternResolver - Searching directory [/home/mariana/developer/workspace/portfolio-spring-boot/build/classes/main/com/orilinc/portfolio/controller] for files matching pattern [/home/mariana/developer/workspace/portfolio-spring-boot/build/classes/main/com/orilinc/portfolio/controller/**/*.class]
10:21:57.607 [Test worker] DEBUG org.springframework.core.io.support.PathMatchingResourcePatternResolver - Resolved location pattern [classpath*:com/orilinc/portfolio/controller/**/*.class] to resources [file [/home/mariana/developer/workspace/portfolio-spring-boot/build/classes/test/com/orilinc/portfolio/controller/UserControllerTest.class], file [/home/mariana/developer/workspace/portfolio-spring-boot/build/classes/main/com/orilinc/portfolio/controller/UserController.class]]
10:21:57.700 [Test worker] DEBUG org.springframework.context.annotation.ClassPathBeanDefinitionScanner - Identified candidate component class: file [/home/mariana/developer/workspace/portfolio-spring-boot/build/classes/main/com/orilinc/portfolio/controller/UserController.class]
10:21:57.755 [Test worker] DEBUG org.springframework.web.context.support.StandardServletEnvironment - Adding [class path resource [application.properties]] PropertySource with lowest search precedence
10:21:57.768 [Test worker] DEBUG org.springframework.context.annotation.ConfigurationClassBeanDefinitionReader - Registered bean definition for imported class 'org.springframework.web.servlet.config.annotation.DelegatingWebMvcConfiguration'
10:21:57.770 [Test worker] DEBUG org.springframework.context.annotation.ConfigurationClassBeanDefinitionReader - Registering bean definition for @Bean method org.springframework.web.servlet.config.annotation.DelegatingWebMvcConfiguration.requestMappingHandlerMapping()
10:21:57.771 [Test worker] DEBUG org.springframework.context.annotation.ConfigurationClassBeanDefinitionReader - Registering bean definition for @Bean method org.springframework.web.servlet.config.annotation.DelegatingWebMvcConfiguration.mvcPathMatcher()
10:21:57.784 [Test worker] DEBUG org.springframework.context.annotation.ConfigurationClassBeanDefinitionReader - Registering bean definition for @Bean method org.springframework.web.servlet.config.annotation.DelegatingWebMvcConfiguration.mvcUrlPathHelper()
10:21:57.785 [Test worker] DEBUG org.springframework.context.annotation.ConfigurationClassBeanDefinitionReader - Registering bean definition for @Bean method org.springframework.web.servlet.config.annotation.DelegatingWebMvcConfiguration.mvcContentNegotiationManager()
10:21:57.785 [Test worker] DEBUG org.springframework.context.annotation.ConfigurationClassBeanDefinitionReader - Registering bean definition for @Bean method org.springframework.web.servlet.config.annotation.DelegatingWebMvcConfiguration.viewControllerHandlerMapping()
10:21:57.786 [Test worker] DEBUG org.springframework.context.annotation.ConfigurationClassBeanDefinitionReader - Registering bean definition for @Bean method org.springframework.web.servlet.config.annotation.DelegatingWebMvcConfiguration.beanNameHandlerMapping()
10:21:57.791 [Test worker] DEBUG org.springframework.context.annotation.ConfigurationClassBeanDefinitionReader - Registering bean definition for @Bean method org.springframework.web.servlet.config.annotation.DelegatingWebMvcConfiguration.resourceHandlerMapping()
10:21:57.792 [Test worker] DEBUG org.springframework.context.annotation.ConfigurationClassBeanDefinitionReader - Registering bean definition for @Bean method org.springframework.web.servlet.config.annotation.DelegatingWebMvcConfiguration.mvcResourceUrlProvider()
10:21:57.794 [Test worker] DEBUG org.springframework.context.annotation.ConfigurationClassBeanDefinitionReader - Registering bean definition for @Bean method org.springframework.web.servlet.config.annotation.DelegatingWebMvcConfiguration.defaultServletHandlerMapping()
10:21:57.814 [Test worker] DEBUG org.springframework.context.annotation.ConfigurationClassBeanDefinitionReader - Registering bean definition for @Bean method org.springframework.web.servlet.config.annotation.DelegatingWebMvcConfiguration.requestMappingHandlerAdapter()
10:21:57.818 [Test worker] DEBUG org.springframework.context.annotation.ConfigurationClassBeanDefinitionReader - Registering bean definition for @Bean method org.springframework.web.servlet.config.annotation.DelegatingWebMvcConfiguration.mvcConversionService()
10:21:57.821 [Test worker] DEBUG org.springframework.context.annotation.ConfigurationClassBeanDefinitionReader - Registering bean definition for @Bean method org.springframework.web.servlet.config.annotation.DelegatingWebMvcConfiguration.mvcValidator()
10:21:57.822 [Test worker] DEBUG org.springframework.context.annotation.ConfigurationClassBeanDefinitionReader - Registering bean definition for @Bean method org.springframework.web.servlet.config.annotation.DelegatingWebMvcConfiguration.mvcUriComponentsContributor()
10:21:57.823 [Test worker] DEBUG org.springframework.context.annotation.ConfigurationClassBeanDefinitionReader - Registering bean definition for @Bean method org.springframework.web.servlet.config.annotation.DelegatingWebMvcConfiguration.httpRequestHandlerAdapter()
10:21:57.832 [Test worker] DEBUG org.springframework.context.annotation.ConfigurationClassBeanDefinitionReader - Registering bean definition for @Bean method org.springframework.web.servlet.config.annotation.DelegatingWebMvcConfiguration.simpleControllerHandlerAdapter()
10:21:57.835 [Test worker] DEBUG org.springframework.context.annotation.ConfigurationClassBeanDefinitionReader - Registering bean definition for @Bean method org.springframework.web.servlet.config.annotation.DelegatingWebMvcConfiguration.handlerExceptionResolver()
10:21:57.837 [Test worker] DEBUG org.springframework.context.annotation.ConfigurationClassBeanDefinitionReader - Registering bean definition for @Bean method org.springframework.web.servlet.config.annotation.DelegatingWebMvcConfiguration.mvcViewResolver()
10:21:57.840 [Test worker] DEBUG org.springframework.context.annotation.ConfigurationClassBeanDefinitionReader - Registering bean definition for @Bean method com.orilinc.portfolio.configuration.ApplicationRepositoryMockBeans.userRepository()
10:21:57.841 [Test worker] DEBUG org.springframework.context.annotation.ConfigurationClassBeanDefinitionReader - Registering bean definition for @Bean method com.orilinc.portfolio.configuration.ApplicationServiceMockBeans.userService()
10:21:57.842 [Test worker] DEBUG org.springframework.context.annotation.ConfigurationClassBeanDefinitionReader - Registering bean definition for @Bean method com.orilinc.portfolio.configuration.ApplicationPropertiesMockBeans.propertyConfigInDev()
10:21:58.063 [Test worker] DEBUG org.springframework.context.annotation.ConfigurationClassEnhancer - Successfully enhanced com.orilinc.portfolio.configuration.ApplicationControllerBeans; enhanced class name is: com.orilinc.portfolio.configuration.ApplicationControllerBeans$$EnhancerBySpringCGLIB$$7dc90761
10:21:58.064 [Test worker] DEBUG org.springframework.context.annotation.ConfigurationClassPostProcessor - Replacing bean definition 'applicationControllerBeans' existing class 'com.orilinc.portfolio.configuration.ApplicationControllerBeans' with enhanced class 'com.orilinc.portfolio.configuration.ApplicationControllerBeans$$EnhancerBySpringCGLIB$$7dc90761'
10:21:58.086 [Test worker] DEBUG org.springframework.context.annotation.ConfigurationClassEnhancer - Successfully enhanced com.orilinc.portfolio.configuration.ApplicationRepositoryMockBeans; enhanced class name is: com.orilinc.portfolio.configuration.ApplicationRepositoryMockBeans$$EnhancerBySpringCGLIB$$4d1b6a89
10:21:58.086 [Test worker] DEBUG org.springframework.context.annotation.ConfigurationClassPostProcessor - Replacing bean definition 'applicationRepositoryMockBeans' existing class 'com.orilinc.portfolio.configuration.ApplicationRepositoryMockBeans' with enhanced class 'com.orilinc.portfolio.configuration.ApplicationRepositoryMockBeans$$EnhancerBySpringCGLIB$$4d1b6a89'
10:21:58.096 [Test worker] DEBUG org.springframework.context.annotation.ConfigurationClassEnhancer - Successfully enhanced com.orilinc.portfolio.configuration.ApplicationServiceMockBeans; enhanced class name is: com.orilinc.portfolio.configuration.ApplicationServiceMockBeans$$EnhancerBySpringCGLIB$$e409b39c
10:21:58.097 [Test worker] DEBUG org.springframework.context.annotation.ConfigurationClassPostProcessor - Replacing bean definition 'applicationServiceMockBeans' existing class 'com.orilinc.portfolio.configuration.ApplicationServiceMockBeans' with enhanced class 'com.orilinc.portfolio.configuration.ApplicationServiceMockBeans$$EnhancerBySpringCGLIB$$e409b39c'
10:21:58.102 [Test worker] DEBUG org.springframework.context.annotation.ConfigurationClassEnhancer - Successfully enhanced com.orilinc.portfolio.configuration.ApplicationPropertiesMockBeans; enhanced class name is: com.orilinc.portfolio.configuration.ApplicationPropertiesMockBeans$$EnhancerBySpringCGLIB$$534d5aa0
10:21:58.104 [Test worker] DEBUG org.springframework.context.annotation.ConfigurationClassPostProcessor - Replacing bean definition 'applicationPropertiesMockBeans' existing class 'com.orilinc.portfolio.configuration.ApplicationPropertiesMockBeans' with enhanced class 'com.orilinc.portfolio.configuration.ApplicationPropertiesMockBeans$$EnhancerBySpringCGLIB$$534d5aa0'
10:21:58.163 [Test worker] DEBUG org.springframework.context.annotation.ConfigurationClassEnhancer - Successfully enhanced org.springframework.web.servlet.config.annotation.DelegatingWebMvcConfiguration; enhanced class name is: org.springframework.web.servlet.config.annotation.DelegatingWebMvcConfiguration$$EnhancerBySpringCGLIB$$434d84ba
10:21:58.169 [Test worker] DEBUG org.springframework.context.annotation.ConfigurationClassPostProcessor - Replacing bean definition 'org.springframework.web.servlet.config.annotation.DelegatingWebMvcConfiguration' existing class 'org.springframework.web.servlet.config.annotation.DelegatingWebMvcConfiguration' with enhanced class 'org.springframework.web.servlet.config.annotation.DelegatingWebMvcConfiguration$$EnhancerBySpringCGLIB$$434d84ba'
10:21:58.170 [Test worker] DEBUG org.springframework.context.annotation.ConfigurationClassEnhancer - Successfully enhanced com.orilinc.portfolio.configuration.ApplicationPropertiesMockBeans; enhanced class name is: com.orilinc.portfolio.configuration.ApplicationPropertiesMockBeans$$EnhancerBySpringCGLIB$$534d5aa0
10:21:58.170 [Test worker] DEBUG org.springframework.context.annotation.ConfigurationClassPostProcessor - Replacing bean definition 'propertyConfigInDev' existing class 'com.orilinc.portfolio.configuration.ApplicationPropertiesMockBeans' with enhanced class 'com.orilinc.portfolio.configuration.ApplicationPropertiesMockBeans$$EnhancerBySpringCGLIB$$534d5aa0'
10:21:58.185 [Test worker] DEBUG org.springframework.beans.factory.support.DefaultListableBeanFactory - Creating shared instance of singleton bean 'propertyConfigInDev'
10:21:58.186 [Test worker] DEBUG org.springframework.beans.factory.support.DefaultListableBeanFactory - Creating instance of bean 'propertyConfigInDev'
10:21:58.198 [Test worker] DEBUG org.springframework.beans.factory.support.DefaultListableBeanFactory - Eagerly caching bean 'propertyConfigInDev' to allow for resolving potential circular references
10:21:58.247 [Test worker] DEBUG org.springframework.beans.factory.support.DefaultListableBeanFactory - Finished creating instance of bean 'propertyConfigInDev'
10:21:58.251 [Test worker] DEBUG org.springframework.core.env.MutablePropertySources - Adding [environmentProperties] PropertySource with lowest search precedence
10:21:58.253 [Test worker] DEBUG org.springframework.core.env.MutablePropertySources - Adding [localProperties] PropertySource with lowest search precedence
10:21:58.278 [Test worker] DEBUG org.springframework.beans.factory.support.DefaultListableBeanFactory - Creating shared instance of singleton bean 'org.springframework.boot.test.mock.mockito.MockitoPostProcessor'
10:21:58.278 [Test worker] DEBUG org.springframework.beans.factory.support.DefaultListableBeanFactory - Creating instance of bean 'org.springframework.boot.test.mock.mockito.MockitoPostProcessor'
10:21:58.302 [Test worker] DEBUG org.springframework.beans.factory.support.DefaultListableBeanFactory - Eagerly caching bean 'org.springframework.boot.test.mock.mockito.MockitoPostProcessor' to allow for resolving potential circular references
10:21:58.316 [Test worker] DEBUG org.springframework.beans.factory.support.DefaultListableBeanFactory - Finished creating instance of bean 'org.springframework.boot.test.mock.mockito.MockitoPostProcessor'
10:21:58.341 [Test worker] DEBUG org.springframework.beans.factory.support.DefaultListableBeanFactory - Creating shared instance of singleton bean 'org.springframework.context.annotation.internalAutowiredAnnotationProcessor'
10:21:58.341 [Test worker] DEBUG org.springframework.beans.factory.support.DefaultListableBeanFactory - Creating instance of bean 'org.springframework.context.annotation.internalAutowiredAnnotationProcessor'
10:21:58.342 [Test worker] DEBUG org.springframework.beans.factory.support.DefaultListableBeanFactory - Eagerly caching bean 'org.springframework.context.annotation.internalAutowiredAnnotationProcessor' to allow for resolving potential circular references
10:21:58.347 [Test worker] DEBUG org.springframework.beans.factory.support.DefaultListableBeanFactory - Finished creating instance of bean 'org.springframework.context.annotation.internalAutowiredAnnotationProcessor'
10:21:58.351 [Test worker] DEBUG org.springframework.beans.factory.support.DefaultListableBeanFactory - Creating shared instance of singleton bean 'org.springframework.context.annotation.internalRequiredAnnotationProcessor'
10:21:58.352 [Test worker] DEBUG org.springframework.beans.factory.support.DefaultListableBeanFactory - Creating instance of bean 'org.springframework.context.annotation.internalRequiredAnnotationProcessor'
10:21:58.353 [Test worker] DEBUG org.springframework.beans.factory.support.DefaultListableBeanFactory - Eagerly caching bean 'org.springframework.context.annotation.internalRequiredAnnotationProcessor' to allow for resolving potential circular references
10:21:58.376 [Test worker] DEBUG org.springframework.beans.factory.support.DefaultListableBeanFactory - Finished creating instance of bean 'org.springframework.context.annotation.internalRequiredAnnotationProcessor'
10:21:58.378 [Test worker] DEBUG org.springframework.beans.factory.support.DefaultListableBeanFactory - Creating shared instance of singleton bean 'org.springframework.context.annotation.internalCommonAnnotationProcessor'
10:21:58.379 [Test worker] DEBUG org.springframework.beans.factory.support.DefaultListableBeanFactory - Creating instance of bean 'org.springframework.context.annotation.internalCommonAnnotationProcessor'
10:21:58.384 [Test worker] DEBUG org.springframework.beans.factory.support.DefaultListableBeanFactory - Eagerly caching bean 'org.springframework.context.annotation.internalCommonAnnotationProcessor' to allow for resolving potential circular references
10:21:58.440 [Test worker] DEBUG org.springframework.beans.factory.support.DefaultListableBeanFactory - Finished creating instance of bean 'org.springframework.context.annotation.internalCommonAnnotationProcessor'
10:21:58.441 [Test worker] DEBUG org.springframework.beans.factory.support.DefaultListableBeanFactory - Creating shared instance of singleton bean 'org.springframework.context.annotation.internalPersistenceAnnotationProcessor'
10:21:58.441 [Test worker] DEBUG org.springframework.beans.factory.support.DefaultListableBeanFactory - Creating instance of bean 'org.springframework.context.annotation.internalPersistenceAnnotationProcessor'
10:21:58.445 [Test worker] DEBUG org.springframework.beans.factory.support.DefaultListableBeanFactory - Eagerly caching bean 'org.springframework.context.annotation.internalPersistenceAnnotationProcessor' to allow for resolving potential circular references
10:21:58.473 [Test worker] DEBUG org.springframework.beans.factory.support.DefaultListableBeanFactory - Finished creating instance of bean 'org.springframework.context.annotation.internalPersistenceAnnotationProcessor'
10:21:58.475 [Test worker] DEBUG org.springframework.beans.factory.support.DefaultListableBeanFactory - Creating shared instance of singleton bean 'org.springframework.boot.test.mock.mockito.MockitoPostProcessor$SpyPostProcessor'
10:21:58.476 [Test worker] DEBUG org.springframework.beans.factory.support.DefaultListableBeanFactory - Creating instance of bean 'org.springframework.boot.test.mock.mockito.MockitoPostProcessor$SpyPostProcessor'
10:21:58.477 [Test worker] DEBUG org.springframework.beans.factory.support.DefaultListableBeanFactory - Returning cached instance of singleton bean 'org.springframework.boot.test.mock.mockito.MockitoPostProcessor'
10:21:58.482 [Test worker] DEBUG org.springframework.beans.factory.support.DefaultListableBeanFactory - Eagerly caching bean 'org.springframework.boot.test.mock.mockito.MockitoPostProcessor$SpyPostProcessor' to allow for resolving potential circular references
10:21:58.529 [Test worker] DEBUG org.springframework.beans.factory.support.DefaultListableBeanFactory - Finished creating instance of bean 'org.springframework.boot.test.mock.mockito.MockitoPostProcessor$SpyPostProcessor'
10:21:58.534 [Test worker] DEBUG org.springframework.beans.factory.support.DefaultListableBeanFactory - Returning cached instance of singleton bean 'org.springframework.boot.test.mock.mockito.MockitoPostProcessor'
10:21:58.536 [Test worker] DEBUG org.springframework.beans.factory.support.DefaultListableBeanFactory - Returning cached instance of singleton bean 'org.springframework.boot.test.autoconfigure.properties.PropertyMappingContextCustomizer$PropertyMappingCheckBeanPostProcessor'
10:21:58.544 [Test worker] DEBUG org.springframework.web.context.support.GenericWebApplicationContext - Unable to locate MessageSource with name 'messageSource': using default [org.springframework.context.support.DelegatingMessageSource@126171dd]
10:21:58.549 [Test worker] DEBUG org.springframework.web.context.support.GenericWebApplicationContext - Unable to locate ApplicationEventMulticaster with name 'applicationEventMulticaster': using default [org.springframework.context.event.SimpleApplicationEventMulticaster@17ef4b39]
10:21:58.552 [Test worker] DEBUG org.springframework.ui.context.support.UiApplicationContextUtils - Unable to locate ThemeSource with name 'themeSource': using default [org.springframework.ui.context.support.ResourceBundleThemeSource@5ed479ec]
10:21:58.569 [Test worker] DEBUG org.springframework.beans.factory.support.DefaultListableBeanFactory - Pre-instantiating singletons in org.springframework.beans.factory.support.DefaultListableBeanFactory@21ce2c32: defining beans [org.springframework.context.annotation.internalConfigurationAnnotationProcessor,org.springframework.context.annotation.internalAutowiredAnnotationProcessor,org.springframework.context.annotation.internalRequiredAnnotationProcessor,org.springframework.context.annotation.internalCommonAnnotationProcessor,org.springframework.context.annotation.internalPersistenceAnnotationProcessor,org.springframework.context.event.internalEventListenerProcessor,org.springframework.context.event.internalEventListenerFactory,applicationControllerBeans,applicationRepositoryMockBeans,applicationServiceMockBeans,applicationPropertiesMockBeans,org.springframework.boot.test.mock.mockito.MockitoPostProcessor$SpyPostProcessor,org.springframework.boot.test.mock.mockito.MockitoPostProcessor,userController,org.springframework.web.servlet.config.annotation.DelegatingWebMvcConfiguration,requestMappingHandlerMapping,mvcPathMatcher,mvcUrlPathHelper,mvcContentNegotiationManager,viewControllerHandlerMapping,beanNameHandlerMapping,resourceHandlerMapping,mvcResourceUrlProvider,defaultServletHandlerMapping,requestMappingHandlerAdapter,mvcConversionService,mvcValidator,mvcUriComponentsContributor,httpRequestHandlerAdapter,simpleControllerHandlerAdapter,handlerExceptionResolver,mvcViewResolver,userRepository,userService,propertyConfigInDev]; root of factory hierarchy
10:21:58.570 [Test worker] DEBUG org.springframework.beans.factory.support.DefaultListableBeanFactory - Returning cached instance of singleton bean 'org.springframework.context.annotation.internalConfigurationAnnotationProcessor'
10:21:58.570 [Test worker] DEBUG org.springframework.beans.factory.support.DefaultListableBeanFactory - Returning cached instance of singleton bean 'org.springframework.context.annotation.internalAutowiredAnnotationProcessor'
10:21:58.570 [Test worker] DEBUG org.springframework.beans.factory.support.DefaultListableBeanFactory - Returning cached instance of singleton bean 'org.springframework.context.annotation.internalRequiredAnnotationProcessor'
10:21:58.572 [Test worker] DEBUG org.springframework.beans.factory.support.DefaultListableBeanFactory - Returning cached instance of singleton bean 'org.springframework.context.annotation.internalCommonAnnotationProcessor'
10:21:58.572 [Test worker] DEBUG org.springframework.beans.factory.support.DefaultListableBeanFactory - Returning cached instance of singleton bean 'org.springframework.context.annotation.internalPersistenceAnnotationProcessor'
10:21:58.572 [Test worker] DEBUG org.springframework.beans.factory.support.DefaultListableBeanFactory - Creating shared instance of singleton bean 'org.springframework.context.event.internalEventListenerProcessor'
10:21:58.572 [Test worker] DEBUG org.springframework.beans.factory.support.DefaultListableBeanFactory - Creating instance of bean 'org.springframework.context.event.internalEventListenerProcessor'
10:21:58.599 [Test worker] DEBUG org.springframework.beans.factory.support.DefaultListableBeanFactory - Eagerly caching bean 'org.springframework.context.event.internalEventListenerProcessor' to allow for resolving potential circular references
10:21:58.612 [Test worker] DEBUG org.springframework.beans.factory.support.DefaultListableBeanFactory - Finished creating instance of bean 'org.springframework.context.event.internalEventListenerProcessor'
10:21:58.614 [Test worker] DEBUG org.springframework.beans.factory.support.DefaultListableBeanFactory - Creating shared instance of singleton bean 'org.springframework.context.event.internalEventListenerFactory'
10:21:58.619 [Test worker] DEBUG org.springframework.beans.factory.support.DefaultListableBeanFactory - Creating instance of bean 'org.springframework.context.event.internalEventListenerFactory'
10:21:58.621 [Test worker] DEBUG org.springframework.beans.factory.support.DefaultListableBeanFactory - Eagerly caching bean 'org.springframework.context.event.internalEventListenerFactory' to allow for resolving potential circular references
10:21:58.625 [Test worker] DEBUG org.springframework.beans.factory.support.DefaultListableBeanFactory - Finished creating instance of bean 'org.springframework.context.event.internalEventListenerFactory'
10:21:58.625 [Test worker] DEBUG org.springframework.beans.factory.support.DefaultListableBeanFactory - Creating shared instance of singleton bean 'applicationControllerBeans'
10:21:58.625 [Test worker] DEBUG org.springframework.beans.factory.support.DefaultListableBeanFactory - Creating instance of bean 'applicationControllerBeans'
10:21:58.626 [Test worker] DEBUG org.springframework.beans.factory.support.DefaultListableBeanFactory - Eagerly caching bean 'applicationControllerBeans' to allow for resolving potential circular references
10:21:58.671 [Test worker] DEBUG org.springframework.beans.factory.support.DefaultListableBeanFactory - Finished creating instance of bean 'applicationControllerBeans'
10:21:58.673 [Test worker] DEBUG org.springframework.beans.factory.support.DefaultListableBeanFactory - Creating shared instance of singleton bean 'applicationRepositoryMockBeans'
10:21:58.674 [Test worker] DEBUG org.springframework.beans.factory.support.DefaultListableBeanFactory - Creating instance of bean 'applicationRepositoryMockBeans'
10:21:58.681 [Test worker] DEBUG org.springframework.beans.factory.support.DefaultListableBeanFactory - Eagerly caching bean 'applicationRepositoryMockBeans' to allow for resolving potential circular references
10:21:58.702 [Test worker] DEBUG org.springframework.beans.factory.support.DefaultListableBeanFactory - Finished creating instance of bean 'applicationRepositoryMockBeans'
10:21:58.703 [Test worker] DEBUG org.springframework.beans.factory.support.DefaultListableBeanFactory - Creating shared instance of singleton bean 'applicationServiceMockBeans'
10:21:58.704 [Test worker] DEBUG org.springframework.beans.factory.support.DefaultListableBeanFactory - Creating instance of bean 'applicationServiceMockBeans'
10:21:58.713 [Test worker] DEBUG org.springframework.beans.factory.support.DefaultListableBeanFactory - Eagerly caching bean 'applicationServiceMockBeans' to allow for resolving potential circular references
10:21:58.718 [Test worker] DEBUG org.springframework.beans.factory.support.DefaultListableBeanFactory - Finished creating instance of bean 'applicationServiceMockBeans'
10:21:58.718 [Test worker] DEBUG org.springframework.beans.factory.support.DefaultListableBeanFactory - Creating shared instance of singleton bean 'applicationPropertiesMockBeans'
10:21:58.718 [Test worker] DEBUG org.springframework.beans.factory.support.DefaultListableBeanFactory - Creating instance of bean 'applicationPropertiesMockBeans'
10:21:58.719 [Test worker] DEBUG org.springframework.beans.factory.support.DefaultListableBeanFactory - Eagerly caching bean 'applicationPropertiesMockBeans' to allow for resolving potential circular references
10:21:58.734 [Test worker] DEBUG org.springframework.beans.factory.support.DefaultListableBeanFactory - Finished creating instance of bean 'applicationPropertiesMockBeans'
10:21:58.735 [Test worker] DEBUG org.springframework.beans.factory.support.DefaultListableBeanFactory - Returning cached instance of singleton bean 'org.springframework.boot.test.mock.mockito.MockitoPostProcessor$SpyPostProcessor'
10:21:58.736 [Test worker] DEBUG org.springframework.beans.factory.support.DefaultListableBeanFactory - Returning cached instance of singleton bean 'org.springframework.boot.test.mock.mockito.MockitoPostProcessor'
10:21:58.737 [Test worker] DEBUG org.springframework.beans.factory.support.DefaultListableBeanFactory - Creating shared instance of singleton bean 'userController'
10:21:58.737 [Test worker] DEBUG org.springframework.beans.factory.support.DefaultListableBeanFactory - Creating instance of bean 'userController'
10:21:58.756 [Test worker] DEBUG org.springframework.beans.factory.support.DefaultListableBeanFactory - Creating shared instance of singleton bean 'userService'
10:21:58.758 [Test worker] DEBUG org.springframework.beans.factory.support.DefaultListableBeanFactory - Creating instance of bean 'userService'
10:21:58.766 [Test worker] DEBUG org.springframework.beans.factory.support.DefaultListableBeanFactory - Returning cached instance of singleton bean 'applicationServiceMockBeans'
10:21:59.026 [Test worker] DEBUG org.springframework.beans.factory.support.DefaultListableBeanFactory - Eagerly caching bean 'userService' to allow for resolving potential circular references
10:21:59.035 [Test worker] DEBUG org.springframework.beans.factory.support.DefaultListableBeanFactory - Finished creating instance of bean 'userService'
10:21:59.036 [Test worker] DEBUG org.springframework.beans.factory.support.DefaultListableBeanFactory - Autowiring by type from bean name 'userController' via constructor to bean named 'userService'
10:21:59.037 [Test worker] DEBUG org.springframework.beans.factory.support.DefaultListableBeanFactory - Eagerly caching bean 'userController' to allow for resolving potential circular references
10:21:59.047 [Test worker] DEBUG org.springframework.beans.factory.support.DefaultListableBeanFactory - Finished creating instance of bean 'userController'
10:21:59.047 [Test worker] DEBUG org.springframework.beans.factory.support.DefaultListableBeanFactory - Creating shared instance of singleton bean 'org.springframework.web.servlet.config.annotation.DelegatingWebMvcConfiguration'
10:21:59.047 [Test worker] DEBUG org.springframework.beans.factory.support.DefaultListableBeanFactory - Creating instance of bean 'org.springframework.web.servlet.config.annotation.DelegatingWebMvcConfiguration'
10:21:59.081 [Test worker] DEBUG org.springframework.beans.factory.annotation.InjectionMetadata - Registered injected element on class [org.springframework.web.servlet.config.annotation.DelegatingWebMvcConfiguration$$EnhancerBySpringCGLIB$$434d84ba]: AutowiredMethodElement for public void org.springframework.web.servlet.config.annotation.DelegatingWebMvcConfiguration.setConfigurers(java.util.List)
10:21:59.082 [Test worker] DEBUG org.springframework.beans.factory.support.DefaultListableBeanFactory - Eagerly caching bean 'org.springframework.web.servlet.config.annotation.DelegatingWebMvcConfiguration' to allow for resolving potential circular references
10:21:59.082 [Test worker] DEBUG org.springframework.beans.factory.annotation.InjectionMetadata - Processing injected element of bean 'org.springframework.web.servlet.config.annotation.DelegatingWebMvcConfiguration': AutowiredMethodElement for public void org.springframework.web.servlet.config.annotation.DelegatingWebMvcConfiguration.setConfigurers(java.util.List)
10:21:59.085 [Test worker] DEBUG org.springframework.beans.factory.support.DefaultListableBeanFactory - Finished creating instance of bean 'org.springframework.web.servlet.config.annotation.DelegatingWebMvcConfiguration'
10:21:59.086 [Test worker] DEBUG org.springframework.beans.factory.support.DefaultListableBeanFactory - Creating shared instance of singleton bean 'requestMappingHandlerMapping'
10:21:59.086 [Test worker] DEBUG org.springframework.beans.factory.support.DefaultListableBeanFactory - Creating instance of bean 'requestMappingHandlerMapping'
10:21:59.086 [Test worker] DEBUG org.springframework.beans.factory.support.DefaultListableBeanFactory - Returning cached instance of singleton bean 'org.springframework.web.servlet.config.annotation.DelegatingWebMvcConfiguration'
10:21:59.197 [Test worker] DEBUG org.springframework.beans.factory.support.DefaultListableBeanFactory - Creating shared instance of singleton bean 'mvcConversionService'
10:21:59.198 [Test worker] DEBUG org.springframework.beans.factory.support.DefaultListableBeanFactory - Creating instance of bean 'mvcConversionService'
10:21:59.198 [Test worker] DEBUG org.springframework.beans.factory.support.DefaultListableBeanFactory - Returning cached instance of singleton bean 'org.springframework.web.servlet.config.annotation.DelegatingWebMvcConfiguration'
10:21:59.325 [Test worker] DEBUG org.springframework.beans.factory.support.DefaultListableBeanFactory - Eagerly caching bean 'mvcConversionService' to allow for resolving potential circular references
10:21:59.336 [Test worker] DEBUG org.springframework.beans.factory.support.DefaultListableBeanFactory - Finished creating instance of bean 'mvcConversionService'
10:21:59.341 [Test worker] DEBUG org.springframework.beans.factory.support.DefaultListableBeanFactory - Creating shared instance of singleton bean 'mvcResourceUrlProvider'
10:21:59.341 [Test worker] DEBUG org.springframework.beans.factory.support.DefaultListableBeanFactory - Creating instance of bean 'mvcResourceUrlProvider'
10:21:59.341 [Test worker] DEBUG org.springframework.beans.factory.support.DefaultListableBeanFactory - Returning cached instance of singleton bean 'org.springframework.web.servlet.config.annotation.DelegatingWebMvcConfiguration'
10:21:59.345 [Test worker] DEBUG org.springframework.beans.factory.support.DefaultListableBeanFactory - Eagerly caching bean 'mvcResourceUrlProvider' to allow for resolving potential circular references
10:21:59.351 [Test worker] DEBUG org.springframework.beans.factory.support.DefaultListableBeanFactory - Finished creating instance of bean 'mvcResourceUrlProvider'
10:21:59.352 [Test worker] DEBUG org.springframework.beans.factory.support.DefaultListableBeanFactory - Creating shared instance of singleton bean 'mvcContentNegotiationManager'
10:21:59.352 [Test worker] DEBUG org.springframework.beans.factory.support.DefaultListableBeanFactory - Creating instance of bean 'mvcContentNegotiationManager'
10:21:59.353 [Test worker] DEBUG org.springframework.beans.factory.support.DefaultListableBeanFactory - Returning cached instance of singleton bean 'org.springframework.web.servlet.config.annotation.DelegatingWebMvcConfiguration'
10:21:59.358 [Test worker] DEBUG org.springframework.beans.factory.support.DefaultListableBeanFactory - Eagerly caching bean 'mvcContentNegotiationManager' to allow for resolving potential circular references
10:21:59.363 [Test worker] DEBUG org.springframework.beans.factory.support.DefaultListableBeanFactory - Finished creating instance of bean 'mvcContentNegotiationManager'
10:21:59.374 [Test worker] DEBUG org.springframework.beans.factory.support.DefaultListableBeanFactory - Eagerly caching bean 'requestMappingHandlerMapping' to allow for resolving potential circular references
10:21:59.398 [Test worker] DEBUG org.springframework.beans.factory.support.DefaultListableBeanFactory - Invoking afterPropertiesSet() on bean with name 'requestMappingHandlerMapping'
10:21:59.398 [Test worker] DEBUG org.springframework.web.servlet.mvc.method.annotation.RequestMappingHandlerMapping - Looking for request mappings in application context: org.springframework.web.context.support.GenericWebApplicationContext@88c0bdc: startup date [Thu Jun 15 10:21:57 EEST 2017]; root of context hierarchy
10:21:59.432 [Test worker] DEBUG org.springframework.web.servlet.mvc.method.annotation.RequestMappingHandlerMapping - 2 request handler methods found on class com.orilinc.portfolio.controller.UserController: {public com.orilinc.portfolio.model.User com.orilinc.portfolio.controller.UserController.addNewUser(java.lang.String,java.lang.String)={[/user/add],methods=[GET]}, public java.lang.Iterable com.orilinc.portfolio.controller.UserController.getAllUsers()={[/user/all],methods=[GET]}}
10:21:59.435 [Test worker] INFO org.springframework.web.servlet.mvc.method.annotation.RequestMappingHandlerMapping - Mapped "{[/user/add],methods=[GET]}" onto public com.orilinc.portfolio.model.User com.orilinc.portfolio.controller.UserController.addNewUser(java.lang.String,java.lang.String)
10:21:59.438 [Test worker] INFO org.springframework.web.servlet.mvc.method.annotation.RequestMappingHandlerMapping - Mapped "{[/user/all],methods=[GET]}" onto public java.lang.Iterable<com.orilinc.portfolio.model.User> com.orilinc.portfolio.controller.UserController.getAllUsers()
10:21:59.445 [Test worker] DEBUG org.springframework.beans.factory.support.DefaultListableBeanFactory - Finished creating instance of bean 'requestMappingHandlerMapping'
10:21:59.446 [Test worker] DEBUG org.springframework.beans.factory.support.DefaultListableBeanFactory - Creating shared instance of singleton bean 'mvcPathMatcher'
10:21:59.446 [Test worker] DEBUG org.springframework.beans.factory.support.DefaultListableBeanFactory - Creating instance of bean 'mvcPathMatcher'
10:21:59.446 [Test worker] DEBUG org.springframework.beans.factory.support.DefaultListableBeanFactory - Returning cached instance of singleton bean 'org.springframework.web.servlet.config.annotation.DelegatingWebMvcConfiguration'
10:21:59.447 [Test worker] DEBUG org.springframework.beans.factory.support.DefaultListableBeanFactory - Eagerly caching bean 'mvcPathMatcher' to allow for resolving potential circular references
10:21:59.450 [Test worker] DEBUG org.springframework.beans.factory.support.DefaultListableBeanFactory - Finished creating instance of bean 'mvcPathMatcher'
10:21:59.450 [Test worker] DEBUG org.springframework.beans.factory.support.DefaultListableBeanFactory - Creating shared instance of singleton bean 'mvcUrlPathHelper'
10:21:59.451 [Test worker] DEBUG org.springframework.beans.factory.support.DefaultListableBeanFactory - Creating instance of bean 'mvcUrlPathHelper'
10:21:59.451 [Test worker] DEBUG org.springframework.beans.factory.support.DefaultListableBeanFactory - Returning cached instance of singleton bean 'org.springframework.web.servlet.config.annotation.DelegatingWebMvcConfiguration'
10:21:59.452 [Test worker] DEBUG org.springframework.beans.factory.support.DefaultListableBeanFactory - Eagerly caching bean 'mvcUrlPathHelper' to allow for resolving potential circular references
10:21:59.454 [Test worker] DEBUG org.springframework.beans.factory.support.DefaultListableBeanFactory - Finished creating instance of bean 'mvcUrlPathHelper'
10:21:59.454 [Test worker] DEBUG org.springframework.beans.factory.support.DefaultListableBeanFactory - Returning cached instance of singleton bean 'mvcContentNegotiationManager'
10:21:59.454 [Test worker] DEBUG org.springframework.beans.factory.support.DefaultListableBeanFactory - Creating shared instance of singleton bean 'viewControllerHandlerMapping'
10:21:59.454 [Test worker] DEBUG org.springframework.beans.factory.support.DefaultListableBeanFactory - Creating instance of bean 'viewControllerHandlerMapping'
10:21:59.455 [Test worker] DEBUG org.springframework.beans.factory.support.DefaultListableBeanFactory - Returning cached instance of singleton bean 'org.springframework.web.servlet.config.annotation.DelegatingWebMvcConfiguration'
10:21:59.456 [Test worker] DEBUG org.springframework.beans.factory.support.DefaultListableBeanFactory - Returning cached instance of singleton bean 'mvcPathMatcher'
10:21:59.458 [Test worker] DEBUG org.springframework.beans.factory.support.DefaultListableBeanFactory - Returning cached instance of singleton bean 'mvcUrlPathHelper'
10:21:59.459 [Test worker] DEBUG org.springframework.beans.factory.support.DefaultListableBeanFactory - Eagerly caching bean 'viewControllerHandlerMapping' to allow for resolving potential circular references
10:21:59.492 [Test worker] DEBUG org.springframework.beans.factory.support.DefaultListableBeanFactory - Finished creating instance of bean 'viewControllerHandlerMapping'
10:21:59.492 [Test worker] DEBUG org.springframework.beans.factory.support.DefaultListableBeanFactory - Creating shared instance of singleton bean 'beanNameHandlerMapping'
10:21:59.493 [Test worker] DEBUG org.springframework.beans.factory.support.DefaultListableBeanFactory - Creating instance of bean 'beanNameHandlerMapping'
10:21:59.493 [Test worker] DEBUG org.springframework.beans.factory.support.DefaultListableBeanFactory - Returning cached instance of singleton bean 'org.springframework.web.servlet.config.annotation.DelegatingWebMvcConfiguration'
10:21:59.509 [Test worker] DEBUG org.springframework.beans.factory.support.DefaultListableBeanFactory - Eagerly caching bean 'beanNameHandlerMapping' to allow for resolving potential circular references
10:21:59.565 [Test worker] DEBUG org.springframework.web.servlet.handler.BeanNameUrlHandlerMapping - Looking for URL mappings in application context: org.springframework.web.context.support.GenericWebApplicationContext@88c0bdc: startup date [Thu Jun 15 10:21:57 EEST 2017]; root of context hierarchy
10:21:59.565 [Test worker] DEBUG org.springframework.web.servlet.handler.BeanNameUrlHandlerMapping - Rejected bean name 'org.springframework.context.annotation.internalConfigurationAnnotationProcessor': no URL paths identified
10:21:59.565 [Test worker] DEBUG org.springframework.web.servlet.handler.BeanNameUrlHandlerMapping - Rejected bean name 'org.springframework.context.annotation.internalAutowiredAnnotationProcessor': no URL paths identified
10:21:59.565 [Test worker] DEBUG org.springframework.web.servlet.handler.BeanNameUrlHandlerMapping - Rejected bean name 'org.springframework.context.annotation.internalRequiredAnnotationProcessor': no URL paths identified
10:21:59.565 [Test worker] DEBUG org.springframework.web.servlet.handler.BeanNameUrlHandlerMapping - Rejected bean name 'org.springframework.context.annotation.internalCommonAnnotationProcessor': no URL paths identified
10:21:59.565 [Test worker] DEBUG org.springframework.web.servlet.handler.BeanNameUrlHandlerMapping - Rejected bean name 'org.springframework.context.annotation.internalPersistenceAnnotationProcessor': no URL paths identified
10:21:59.565 [Test worker] DEBUG org.springframework.web.servlet.handler.BeanNameUrlHandlerMapping - Rejected bean name 'org.springframework.context.event.internalEventListenerProcessor': no URL paths identified
10:21:59.566 [Test worker] DEBUG org.springframework.web.servlet.handler.BeanNameUrlHandlerMapping - Rejected bean name 'org.springframework.context.event.internalEventListenerFactory': no URL paths identified
10:21:59.566 [Test worker] DEBUG org.springframework.web.servlet.handler.BeanNameUrlHandlerMapping - Rejected bean name 'applicationControllerBeans': no URL paths identified
10:21:59.566 [Test worker] DEBUG org.springframework.web.servlet.handler.BeanNameUrlHandlerMapping - Rejected bean name 'applicationRepositoryMockBeans': no URL paths identified
10:21:59.566 [Test worker] DEBUG org.springframework.web.servlet.handler.BeanNameUrlHandlerMapping - Rejected bean name 'applicationServiceMockBeans': no URL paths identified
10:21:59.566 [Test worker] DEBUG org.springframework.web.servlet.handler.BeanNameUrlHandlerMapping - Rejected bean name 'applicationPropertiesMockBeans': no URL paths identified
10:21:59.566 [Test worker] DEBUG org.springframework.web.servlet.handler.BeanNameUrlHandlerMapping - Rejected bean name 'org.springframework.boot.test.mock.mockito.MockitoPostProcessor$SpyPostProcessor': no URL paths identified
10:21:59.566 [Test worker] DEBUG org.springframework.web.servlet.handler.BeanNameUrlHandlerMapping - Rejected bean name 'org.springframework.boot.test.mock.mockito.MockitoPostProcessor': no URL paths identified
10:21:59.566 [Test worker] DEBUG org.springframework.web.servlet.handler.BeanNameUrlHandlerMapping - Rejected bean name 'userController': no URL paths identified
10:21:59.566 [Test worker] DEBUG org.springframework.web.servlet.handler.BeanNameUrlHandlerMapping - Rejected bean name 'org.springframework.web.servlet.config.annotation.DelegatingWebMvcConfiguration': no URL paths identified
10:21:59.566 [Test worker] DEBUG org.springframework.web.servlet.handler.BeanNameUrlHandlerMapping - Rejected bean name 'requestMappingHandlerMapping': no URL paths identified
10:21:59.566 [Test worker] DEBUG org.springframework.web.servlet.handler.BeanNameUrlHandlerMapping - Rejected bean name 'mvcPathMatcher': no URL paths identified
10:21:59.566 [Test worker] DEBUG org.springframework.web.servlet.handler.BeanNameUrlHandlerMapping - Rejected bean name 'mvcUrlPathHelper': no URL paths identified
10:21:59.566 [Test worker] DEBUG org.springframework.web.servlet.handler.BeanNameUrlHandlerMapping - Rejected bean name 'mvcContentNegotiationManager': no URL paths identified
10:21:59.566 [Test worker] DEBUG org.springframework.web.servlet.handler.BeanNameUrlHandlerMapping - Rejected bean name 'viewControllerHandlerMapping': no URL paths identified
10:21:59.567 [Test worker] DEBUG org.springframework.web.servlet.handler.BeanNameUrlHandlerMapping - Rejected bean name 'beanNameHandlerMapping': no URL paths identified
10:21:59.567 [Test worker] DEBUG org.springframework.web.servlet.handler.BeanNameUrlHandlerMapping - Rejected bean name 'resourceHandlerMapping': no URL paths identified
10:21:59.567 [Test worker] DEBUG org.springframework.web.servlet.handler.BeanNameUrlHandlerMapping - Rejected bean name 'mvcResourceUrlProvider': no URL paths identified
10:21:59.567 [Test worker] DEBUG org.springframework.web.servlet.handler.BeanNameUrlHandlerMapping - Rejected bean name 'defaultServletHandlerMapping': no URL paths identified
10:21:59.567 [Test worker] DEBUG org.springframework.web.servlet.handler.BeanNameUrlHandlerMapping - Rejected bean name 'requestMappingHandlerAdapter': no URL paths identified
10:21:59.567 [Test worker] DEBUG org.springframework.web.servlet.handler.BeanNameUrlHandlerMapping - Rejected bean name 'mvcConversionService': no URL paths identified
10:21:59.567 [Test worker] DEBUG org.springframework.web.servlet.handler.BeanNameUrlHandlerMapping - Rejected bean name 'mvcValidator': no URL paths identified
10:21:59.567 [Test worker] DEBUG org.springframework.web.servlet.handler.BeanNameUrlHandlerMapping - Rejected bean name 'mvcUriComponentsContributor': no URL paths identified
10:21:59.567 [Test worker] DEBUG org.springframework.web.servlet.handler.BeanNameUrlHandlerMapping - Rejected bean name 'httpRequestHandlerAdapter': no URL paths identified
10:21:59.567 [Test worker] DEBUG org.springframework.web.servlet.handler.BeanNameUrlHandlerMapping - Rejected bean name 'simpleControllerHandlerAdapter': no URL paths identified
10:21:59.567 [Test worker] DEBUG org.springframework.web.servlet.handler.BeanNameUrlHandlerMapping - Rejected bean name 'handlerExceptionResolver': no URL paths identified
10:21:59.574 [Test worker] DEBUG org.springframework.web.servlet.handler.BeanNameUrlHandlerMapping - Rejected bean name 'mvcViewResolver': no URL paths identified
10:21:59.575 [Test worker] DEBUG org.springframework.web.servlet.handler.BeanNameUrlHandlerMapping - Rejected bean name 'userRepository': no URL paths identified
10:21:59.575 [Test worker] DEBUG org.springframework.web.servlet.handler.BeanNameUrlHandlerMapping - Rejected bean name 'userService': no URL paths identified
10:21:59.576 [Test worker] DEBUG org.springframework.web.servlet.handler.BeanNameUrlHandlerMapping - Rejected bean name 'propertyConfigInDev': no URL paths identified
10:21:59.577 [Test worker] DEBUG org.springframework.web.servlet.handler.BeanNameUrlHandlerMapping - Rejected bean name 'org.springframework.boot.test.context.filter.TestTypeExcludeFilter': no URL paths identified
10:21:59.577 [Test worker] DEBUG org.springframework.web.servlet.handler.BeanNameUrlHandlerMapping - Rejected bean name 'org.springframework.boot.test.autoconfigure.properties.PropertyMappingContextCustomizer$PropertyMappingCheckBeanPostProcessor': no URL paths identified
10:21:59.577 [Test worker] DEBUG org.springframework.web.servlet.handler.BeanNameUrlHandlerMapping - Rejected bean name 'environment': no URL paths identified
10:21:59.578 [Test worker] DEBUG org.springframework.web.servlet.handler.BeanNameUrlHandlerMapping - Rejected bean name 'systemProperties': no URL paths identified
10:21:59.578 [Test worker] DEBUG org.springframework.web.servlet.handler.BeanNameUrlHandlerMapping - Rejected bean name 'systemEnvironment': no URL paths identified
10:21:59.578 [Test worker] DEBUG org.springframework.web.servlet.handler.BeanNameUrlHandlerMapping - Rejected bean name 'servletContext': no URL paths identified
10:21:59.578 [Test worker] DEBUG org.springframework.web.servlet.handler.BeanNameUrlHandlerMapping - Rejected bean name 'contextParameters': no URL paths identified
10:21:59.578 [Test worker] DEBUG org.springframework.web.servlet.handler.BeanNameUrlHandlerMapping - Rejected bean name 'contextAttributes': no URL paths identified
10:21:59.578 [Test worker] DEBUG org.springframework.web.servlet.handler.BeanNameUrlHandlerMapping - Rejected bean name 'org.springframework.context.annotation.ConfigurationClassPostProcessor.importRegistry': no URL paths identified
10:21:59.578 [Test worker] DEBUG org.springframework.web.servlet.handler.BeanNameUrlHandlerMapping - Rejected bean name 'org.springframework.boot.test.mock.mockito.MockitoBeans': no URL paths identified
10:21:59.578 [Test worker] DEBUG org.springframework.web.servlet.handler.BeanNameUrlHandlerMapping - Rejected bean name 'messageSource': no URL paths identified
10:21:59.578 [Test worker] DEBUG org.springframework.web.servlet.handler.BeanNameUrlHandlerMapping - Rejected bean name 'applicationEventMulticaster': no URL paths identified
10:21:59.578 [Test worker] DEBUG org.springframework.beans.factory.support.DefaultListableBeanFactory - Finished creating instance of bean 'beanNameHandlerMapping'
10:21:59.579 [Test worker] DEBUG org.springframework.beans.factory.support.DefaultListableBeanFactory - Creating shared instance of singleton bean 'resourceHandlerMapping'
10:21:59.579 [Test worker] DEBUG org.springframework.beans.factory.support.DefaultListableBeanFactory - Creating instance of bean 'resourceHandlerMapping'
10:21:59.579 [Test worker] DEBUG org.springframework.beans.factory.support.DefaultListableBeanFactory - Returning cached instance of singleton bean 'org.springframework.web.servlet.config.annotation.DelegatingWebMvcConfiguration'
10:21:59.584 [Test worker] DEBUG org.springframework.beans.factory.support.DefaultListableBeanFactory - Returning cached instance of singleton bean 'mvcContentNegotiationManager'
10:21:59.589 [Test worker] DEBUG org.springframework.beans.factory.support.DefaultListableBeanFactory - Eagerly caching bean 'resourceHandlerMapping' to allow for resolving potential circular references
10:21:59.591 [Test worker] DEBUG org.springframework.beans.factory.support.DefaultListableBeanFactory - Finished creating instance of bean 'resourceHandlerMapping'
10:21:59.591 [Test worker] DEBUG org.springframework.beans.factory.support.DefaultListableBeanFactory - Returning cached instance of singleton bean 'mvcResourceUrlProvider'
10:21:59.591 [Test worker] DEBUG org.springframework.beans.factory.support.DefaultListableBeanFactory - Creating shared instance of singleton bean 'defaultServletHandlerMapping'
10:21:59.591 [Test worker] DEBUG org.springframework.beans.factory.support.DefaultListableBeanFactory - Creating instance of bean 'defaultServletHandlerMapping'
10:21:59.591 [Test worker] DEBUG org.springframework.beans.factory.support.DefaultListableBeanFactory - Returning cached instance of singleton bean 'org.springframework.web.servlet.config.annotation.DelegatingWebMvcConfiguration'
10:21:59.593 [Test worker] DEBUG org.springframework.beans.factory.support.DefaultListableBeanFactory - Eagerly caching bean 'defaultServletHandlerMapping' to allow for resolving potential circular references
10:21:59.593 [Test worker] DEBUG org.springframework.beans.factory.support.DefaultListableBeanFactory - Finished creating instance of bean 'defaultServletHandlerMapping'
10:21:59.593 [Test worker] DEBUG org.springframework.beans.factory.support.DefaultListableBeanFactory - Creating shared instance of singleton bean 'requestMappingHandlerAdapter'
10:21:59.593 [Test worker] DEBUG org.springframework.beans.factory.support.DefaultListableBeanFactory - Creating instance of bean 'requestMappingHandlerAdapter'
10:21:59.594 [Test worker] DEBUG org.springframework.beans.factory.support.DefaultListableBeanFactory - Returning cached instance of singleton bean 'org.springframework.web.servlet.config.annotation.DelegatingWebMvcConfiguration'
10:21:59.766 [Test worker] DEBUG org.springframework.beans.factory.support.DefaultListableBeanFactory - Returning cached instance of singleton bean 'mvcContentNegotiationManager'
10:21:59.782 [Test worker] DEBUG org.springframework.beans.factory.support.DefaultListableBeanFactory - Returning cached instance of singleton bean 'mvcConversionService'
10:21:59.784 [Test worker] DEBUG org.springframework.beans.factory.support.DefaultListableBeanFactory - Creating shared instance of singleton bean 'mvcValidator'
10:21:59.784 [Test worker] DEBUG org.springframework.beans.factory.support.DefaultListableBeanFactory - Creating instance of bean 'mvcValidator'
10:21:59.784 [Test worker] DEBUG org.springframework.beans.factory.support.DefaultListableBeanFactory - Returning cached instance of singleton bean 'org.springframework.web.servlet.config.annotation.DelegatingWebMvcConfiguration'
10:21:59.814 [Test worker] DEBUG org.springframework.beans.factory.support.DefaultListableBeanFactory - Eagerly caching bean 'mvcValidator' to allow for resolving potential circular references
10:21:59.849 [Test worker] DEBUG org.springframework.beans.factory.support.DefaultListableBeanFactory - Invoking afterPropertiesSet() on bean with name 'mvcValidator'
10:21:59.911 [Test worker] DEBUG org.jboss.logging - Logging Provider: org.jboss.logging.Slf4jLoggerProvider
10:21:59.914 [Test worker] INFO org.hibernate.validator.internal.util.Version - HV000001: Hibernate Validator 5.3.5.Final
10:22:00.128 [Test worker] DEBUG org.hibernate.validator.internal.engine.resolver.DefaultTraversableResolver - Found javax.persistence.Persistence on classpath containing 'getPersistenceUtil'. Assuming JPA 2 environment. Trying to instantiate JPA aware TraversableResolver
10:22:00.133 [Test worker] DEBUG org.hibernate.validator.internal.engine.resolver.DefaultTraversableResolver - Instantiated JPA aware TraversableResolver of type org.hibernate.validator.internal.engine.resolver.JPATraversableResolver.
10:22:00.154 [Test worker] DEBUG org.hibernate.validator.internal.engine.ConfigurationImpl - Setting custom MessageInterpolator of type org.springframework.validation.beanvalidation.LocaleContextMessageInterpolator
10:22:00.155 [Test worker] DEBUG org.hibernate.validator.internal.engine.ConfigurationImpl - Setting custom ConstraintValidatorFactory of type org.springframework.validation.beanvalidation.SpringConstraintValidatorFactory
10:22:00.157 [Test worker] DEBUG org.hibernate.validator.internal.engine.ConfigurationImpl - Setting custom ParameterNameProvider of type com.sun.proxy.$Proxy44
10:22:00.159 [Test worker] DEBUG org.hibernate.validator.internal.xml.ValidationXmlParser - Trying to load META-INF/validation.xml for XML based Validator configuration.
10:22:00.161 [Test worker] DEBUG org.hibernate.validator.internal.xml.ResourceLoaderHelper - Trying to load META-INF/validation.xml via user class loader
10:22:00.162 [Test worker] DEBUG org.hibernate.validator.internal.xml.ResourceLoaderHelper - Trying to load META-INF/validation.xml via TCCL
10:22:00.163 [Test worker] DEBUG org.hibernate.validator.internal.xml.ResourceLoaderHelper - Trying to load META-INF/validation.xml via Hibernate Validator's class loader
10:22:00.164 [Test worker] DEBUG org.hibernate.validator.internal.xml.ValidationXmlParser - No META-INF/validation.xml found. Using annotation based configuration only.
10:22:00.230 [Test worker] DEBUG org.springframework.beans.factory.support.DefaultListableBeanFactory - Finished creating instance of bean 'mvcValidator'
10:22:00.251 [Test worker] DEBUG org.springframework.beans.factory.support.DefaultListableBeanFactory - Eagerly caching bean 'requestMappingHandlerAdapter' to allow for resolving potential circular references
10:22:00.294 [Test worker] DEBUG org.springframework.beans.factory.support.DefaultListableBeanFactory - Invoking afterPropertiesSet() on bean with name 'requestMappingHandlerAdapter'
10:22:00.294 [Test worker] INFO org.springframework.web.servlet.mvc.method.annotation.RequestMappingHandlerAdapter - Looking for @ControllerAdvice: org.springframework.web.context.support.GenericWebApplicationContext@88c0bdc: startup date [Thu Jun 15 10:21:57 EEST 2017]; root of context hierarchy
10:22:00.337 [Test worker] DEBUG org.springframework.beans.factory.support.DefaultListableBeanFactory - Finished creating instance of bean 'requestMappingHandlerAdapter'
10:22:00.337 [Test worker] DEBUG org.springframework.beans.factory.support.DefaultListableBeanFactory - Returning cached instance of singleton bean 'mvcConversionService'
10:22:00.337 [Test worker] DEBUG org.springframework.beans.factory.support.DefaultListableBeanFactory - Returning cached instance of singleton bean 'mvcValidator'
10:22:00.338 [Test worker] DEBUG org.springframework.beans.factory.support.DefaultListableBeanFactory - Creating shared instance of singleton bean 'mvcUriComponentsContributor'
10:22:00.338 [Test worker] DEBUG org.springframework.beans.factory.support.DefaultListableBeanFactory - Creating instance of bean 'mvcUriComponentsContributor'
10:22:00.338 [Test worker] DEBUG org.springframework.beans.factory.support.DefaultListableBeanFactory - Returning cached instance of singleton bean 'org.springframework.web.servlet.config.annotation.DelegatingWebMvcConfiguration'
10:22:00.339 [Test worker] DEBUG org.springframework.beans.factory.support.DefaultListableBeanFactory - Returning cached instance of singleton bean 'requestMappingHandlerAdapter'
10:22:00.340 [Test worker] DEBUG org.springframework.beans.factory.support.DefaultListableBeanFactory - Returning cached instance of singleton bean 'mvcConversionService'
10:22:00.341 [Test worker] DEBUG org.springframework.beans.factory.support.DefaultListableBeanFactory - Eagerly caching bean 'mvcUriComponentsContributor' to allow for resolving potential circular references
10:22:00.344 [Test worker] DEBUG org.springframework.beans.factory.support.DefaultListableBeanFactory - Finished creating instance of bean 'mvcUriComponentsContributor'
10:22:00.345 [Test worker] DEBUG org.springframework.beans.factory.support.DefaultListableBeanFactory - Creating shared instance of singleton bean 'httpRequestHandlerAdapter'
10:22:00.345 [Test worker] DEBUG org.springframework.beans.factory.support.DefaultListableBeanFactory - Creating instance of bean 'httpRequestHandlerAdapter'
10:22:00.345 [Test worker] DEBUG org.springframework.beans.factory.support.DefaultListableBeanFactory - Returning cached instance of singleton bean 'org.springframework.web.servlet.config.annotation.DelegatingWebMvcConfiguration'
10:22:00.351 [Test worker] DEBUG org.springframework.beans.factory.support.DefaultListableBeanFactory - Eagerly caching bean 'httpRequestHandlerAdapter' to allow for resolving potential circular references
10:22:00.353 [Test worker] DEBUG org.springframework.beans.factory.support.DefaultListableBeanFactory - Finished creating instance of bean 'httpRequestHandlerAdapter'
10:22:00.353 [Test worker] DEBUG org.springframework.beans.factory.support.DefaultListableBeanFactory - Creating shared instance of singleton bean 'simpleControllerHandlerAdapter'
10:22:00.353 [Test worker] DEBUG org.springframework.beans.factory.support.DefaultListableBeanFactory - Creating instance of bean 'simpleControllerHandlerAdapter'
10:22:00.354 [Test worker] DEBUG org.springframework.beans.factory.support.DefaultListableBeanFactory - Returning cached instance of singleton bean 'org.springframework.web.servlet.config.annotation.DelegatingWebMvcConfiguration'
10:22:00.354 [Test worker] DEBUG org.springframework.beans.factory.support.DefaultListableBeanFactory - Eagerly caching bean 'simpleControllerHandlerAdapter' to allow for resolving potential circular references
10:22:00.357 [Test worker] DEBUG org.springframework.beans.factory.support.DefaultListableBeanFactory - Finished creating instance of bean 'simpleControllerHandlerAdapter'
10:22:00.357 [Test worker] DEBUG org.springframework.beans.factory.support.DefaultListableBeanFactory - Creating shared instance of singleton bean 'handlerExceptionResolver'
10:22:00.358 [Test worker] DEBUG org.springframework.beans.factory.support.DefaultListableBeanFactory - Creating instance of bean 'handlerExceptionResolver'
10:22:00.358 [Test worker] DEBUG org.springframework.beans.factory.support.DefaultListableBeanFactory - Returning cached instance of singleton bean 'org.springframework.web.servlet.config.annotation.DelegatingWebMvcConfiguration'
10:22:00.385 [Test worker] DEBUG org.springframework.beans.factory.support.DefaultListableBeanFactory - Returning cached instance of singleton bean 'mvcContentNegotiationManager'
10:22:00.386 [Test worker] DEBUG org.springframework.web.servlet.mvc.method.annotation.ExceptionHandlerExceptionResolver - Looking for exception mappings: org.springframework.web.context.support.GenericWebApplicationContext@88c0bdc: startup date [Thu Jun 15 10:21:57 EEST 2017]; root of context hierarchy
10:22:00.411 [Test worker] DEBUG org.springframework.beans.factory.support.DefaultListableBeanFactory - Eagerly caching bean 'handlerExceptionResolver' to allow for resolving potential circular references
10:22:00.437 [Test worker] DEBUG org.springframework.beans.factory.support.DefaultListableBeanFactory - Finished creating instance of bean 'handlerExceptionResolver'
10:22:00.438 [Test worker] DEBUG org.springframework.beans.factory.support.DefaultListableBeanFactory - Creating shared instance of singleton bean 'mvcViewResolver'
10:22:00.464 [Test worker] DEBUG org.springframework.beans.factory.support.DefaultListableBeanFactory - Creating instance of bean 'mvcViewResolver'
10:22:00.465 [Test worker] DEBUG org.springframework.beans.factory.support.DefaultListableBeanFactory - Returning cached instance of singleton bean 'org.springframework.web.servlet.config.annotation.DelegatingWebMvcConfiguration'
10:22:00.472 [Test worker] DEBUG org.springframework.beans.factory.support.DefaultListableBeanFactory - Returning cached instance of singleton bean 'mvcContentNegotiationManager'
10:22:00.489 [Test worker] DEBUG org.springframework.beans.factory.support.DefaultListableBeanFactory - Eagerly caching bean 'mvcViewResolver' to allow for resolving potential circular references
10:22:00.499 [Test worker] DEBUG org.springframework.beans.factory.support.DefaultListableBeanFactory - Invoking afterPropertiesSet() on bean with name 'mvcViewResolver'
10:22:00.505 [Test worker] DEBUG org.springframework.beans.factory.support.DefaultListableBeanFactory - Finished creating instance of bean 'mvcViewResolver'
10:22:00.506 [Test worker] DEBUG org.springframework.beans.factory.support.DefaultListableBeanFactory - Creating shared instance of singleton bean 'userRepository'
10:22:00.506 [Test worker] DEBUG org.springframework.beans.factory.support.DefaultListableBeanFactory - Creating instance of bean 'userRepository'
10:22:00.506 [Test worker] DEBUG org.springframework.beans.factory.support.DefaultListableBeanFactory - Returning cached instance of singleton bean 'applicationRepositoryMockBeans'
10:22:00.566 [Test worker] DEBUG org.springframework.beans.factory.support.DefaultListableBeanFactory - Eagerly caching bean 'userRepository' to allow for resolving potential circular references
[...]
10:22:01.280 [Test worker] DEBUG org.springframework.test.context.cache.DefaultCacheAwareContextLoaderDelegate - Retrieved ApplicationContext from cache with key [[WebMergedContextConfiguration@60f7b2e8 testClass = UserControllerTest, locations = '{}', classes = '{class com.orilinc.portfolio.configuration.ApplicationControllerBeans, class com.orilinc.portfolio.configuration.ApplicationRepositoryMockBeans, class com.orilinc.portfolio.configuration.ApplicationServiceMockBeans, class com.orilinc.portfolio.configuration.ApplicationPropertiesMockBeans}', contextInitializerClasses = '[]', activeProfiles = '{}', propertySourceLocations = '{}', propertySourceProperties = '{}', contextCustomizers = set[org.springframework.boot.test.context.filter.ExcludeFilterContextCustomizer@c12234e, org.springframework.boot.test.json.DuplicateJsonObjectContextCustomizerFactory$DuplicateJsonObjectContextCustomizer@2aac8170, org.springframework.boot.test.mock.mockito.MockitoContextCustomizer@0, org.springframework.boot.test.autoconfigure.properties.PropertyMappingContextCustomizer@0, org.springframework.boot.test.autoconfigure.web.servlet.WebDriverContextCustomizerFactory$Customizer@61c32027, org.springframework.test.context.web.socket.MockServerContainerContextCustomizer@72602750], resourceBasePath = 'src/main/webapp', contextLoader = 'org.springframework.test.context.web.WebDelegatingSmartContextLoader', parent = [null]]]
10:22:01.280 [Test worker] DEBUG org.springframework.test.context.cache - Spring test ApplicationContext cache statistics: [DefaultContextCache@25d024df size = 1, maxSize = 32, parentContextCount = 0, hitCount = 8, missCount = 1]
10:22:01.281 [Test worker] DEBUG org.springframework.beans.factory.support.DefaultListableBeanFactory - Returning cached instance of singleton bean 'org.springframework.boot.test.mock.mockito.MockitoBeans'
10:22:01.281 [Test worker] DEBUG org.springframework.core.env.StandardEnvironment - Adding [systemProperties] PropertySource with lowest search precedence
10:22:01.281 [Test worker] DEBUG org.springframework.core.env.StandardEnvironment - Adding [systemEnvironment] PropertySource with lowest search precedence
10:22:01.282 [Test worker] DEBUG org.springframework.core.env.StandardEnvironment - Initialized StandardEnvironment with PropertySources [systemProperties,systemEnvironment]
10:22:01.298 [Test worker] DEBUG org.springframework.test.web.servlet.setup.StandaloneMockMvcBuilder$StaticRequestMappingHandlerMapping - Looking for request mappings in application context: org.springframework.test.web.servlet.setup.StubWebApplicationContext@3035e66
10:22:01.300 [Test worker] DEBUG org.springframework.test.web.servlet.setup.StandaloneMockMvcBuilder$StaticRequestMappingHandlerMapping - 2 request handler methods found on class com.orilinc.portfolio.controller.UserController: {public com.orilinc.portfolio.model.User com.orilinc.portfolio.controller.UserController.addNewUser(java.lang.String,java.lang.String)={[/user/add],methods=[GET]}, public java.lang.Iterable com.orilinc.portfolio.controller.UserController.getAllUsers()={[/user/all],methods=[GET]}}
10:22:01.301 [Test worker] INFO org.springframework.test.web.servlet.setup.StandaloneMockMvcBuilder$StaticRequestMappingHandlerMapping - Mapped "{[/user/add],methods=[GET]}" onto public com.orilinc.portfolio.model.User com.orilinc.portfolio.controller.UserController.addNewUser(java.lang.String,java.lang.String)
10:22:01.301 [Test worker] INFO org.springframework.test.web.servlet.setup.StandaloneMockMvcBuilder$StaticRequestMappingHandlerMapping - Mapped "{[/user/all],methods=[GET]}" onto public java.lang.Iterable<com.orilinc.portfolio.model.User> com.orilinc.portfolio.controller.UserController.getAllUsers()
10:22:01.337 [Test worker] DEBUG org.hibernate.validator.internal.engine.resolver.DefaultTraversableResolver - Found javax.persistence.Persistence on classpath containing 'getPersistenceUtil'. Assuming JPA 2 environment. Trying to instantiate JPA aware TraversableResolver
10:22:01.337 [Test worker] DEBUG org.hibernate.validator.internal.engine.resolver.DefaultTraversableResolver - Instantiated JPA aware TraversableResolver of type org.hibernate.validator.internal.engine.resolver.JPATraversableResolver.
10:22:01.338 [Test worker] DEBUG org.hibernate.validator.internal.engine.ConfigurationImpl - Setting custom MessageInterpolator of type org.springframework.validation.beanvalidation.LocaleContextMessageInterpolator
10:22:01.338 [Test worker] DEBUG org.hibernate.validator.internal.engine.ConfigurationImpl - Setting custom ParameterNameProvider of type com.sun.proxy.$Proxy44
10:22:01.338 [Test worker] DEBUG org.hibernate.validator.internal.xml.ValidationXmlParser - Trying to load META-INF/validation.xml for XML based Validator configuration.
10:22:01.338 [Test worker] DEBUG org.hibernate.validator.internal.xml.ResourceLoaderHelper - Trying to load META-INF/validation.xml via TCCL
10:22:01.338 [Test worker] DEBUG org.hibernate.validator.internal.xml.ResourceLoaderHelper - Trying to load META-INF/validation.xml via Hibernate Validator's class loader
10:22:01.340 [Test worker] DEBUG org.hibernate.validator.internal.xml.ValidationXmlParser - No META-INF/validation.xml found. Using annotation based configuration only.
10:22:01.343 [Test worker] INFO org.springframework.web.servlet.mvc.method.annotation.RequestMappingHandlerAdapter - Looking for @ControllerAdvice: org.springframework.test.web.servlet.setup.StubWebApplicationContext@3035e66
10:22:01.352 [Test worker] DEBUG org.springframework.web.servlet.mvc.method.annotation.ExceptionHandlerExceptionResolver - Looking for exception mappings: org.springframework.test.web.servlet.setup.StubWebApplicationContext@3035e66
10:22:01.352 [Test worker] DEBUG org.springframework.test.web.servlet.TestDispatcherServlet - Initializing servlet ''
10:22:01.352 [Test worker] INFO org.springframework.mock.web.MockServletContext - Initializing Spring FrameworkServlet ''
10:22:01.352 [Test worker] INFO org.springframework.test.web.servlet.TestDispatcherServlet - FrameworkServlet '': initialization started
10:22:01.352 [Test worker] DEBUG org.springframework.test.web.servlet.TestDispatcherServlet - Unable to locate MultipartResolver with name 'multipartResolver': no multipart request handling provided
10:22:01.352 [Test worker] DEBUG org.springframework.test.web.servlet.TestDispatcherServlet - Using LocaleResolver [org.springframework.web.servlet.i18n.AcceptHeaderLocaleResolver@6fce1996]
10:22:01.352 [Test worker] DEBUG org.springframework.test.web.servlet.TestDispatcherServlet - Using ThemeResolver [org.springframework.web.servlet.theme.FixedThemeResolver@17e12600]
10:22:01.352 [Test worker] DEBUG org.springframework.test.web.servlet.TestDispatcherServlet - Using RequestToViewNameTranslator [org.springframework.web.servlet.view.DefaultRequestToViewNameTranslator@3a07bc82]
10:22:01.352 [Test worker] DEBUG org.springframework.test.web.servlet.TestDispatcherServlet - Using FlashMapManager [org.springframework.web.servlet.support.SessionFlashMapManager@41d33374]
10:22:01.353 [Test worker] DEBUG org.springframework.test.web.servlet.TestDispatcherServlet - Published WebApplicationContext of servlet '' as ServletContext attribute with name [org.springframework.web.servlet.FrameworkServlet.CONTEXT.]
10:22:01.353 [Test worker] INFO org.springframework.test.web.servlet.TestDispatcherServlet - FrameworkServlet '': initialization completed in 1 ms
10:22:01.353 [Test worker] DEBUG org.springframework.test.web.servlet.TestDispatcherServlet - Servlet '' configured successfully
10:22:01.353 [Test worker] DEBUG org.springframework.test.web.servlet.TestDispatcherServlet - DispatcherServlet with name '' processing GET request for [/user/all]
10:22:01.353 [Test worker] DEBUG org.springframework.test.web.servlet.setup.StandaloneMockMvcBuilder$StaticRequestMappingHandlerMapping - Looking up handler method for path /user/all
10:22:01.353 [Test worker] DEBUG org.springframework.test.web.servlet.setup.StandaloneMockMvcBuilder$StaticRequestMappingHandlerMapping - Returning handler method [public java.lang.Iterable<com.orilinc.portfolio.model.User> com.orilinc.portfolio.controller.UserController.getAllUsers()]
10:22:01.353 [Test worker] DEBUG org.springframework.test.web.servlet.TestDispatcherServlet - Last-Modified value for [/user/all] is: -1
10:22:01.368 [Test worker] DEBUG org.springframework.test.web.servlet.TestDispatcherServlet - Null ModelAndView returned to DispatcherServlet with name '': assuming HandlerAdapter completed request handling
10:22:01.369 [Test worker] DEBUG org.springframework.test.web.servlet.TestDispatcherServlet - Successfully completed request
10:22:01.377 [Test worker] DEBUG org.springframework.test.context.cache.DefaultCacheAwareContextLoaderDelegate - Retrieved ApplicationContext from cache with key [[WebMergedContextConfiguration@60f7b2e8 testClass = UserControllerTest, locations = '{}', classes = '{class com.orilinc.portfolio.configuration.ApplicationControllerBeans, class com.orilinc.portfolio.configuration.ApplicationRepositoryMockBeans, class com.orilinc.portfolio.configuration.ApplicationServiceMockBeans, class com.orilinc.portfolio.configuration.ApplicationPropertiesMockBeans}', contextInitializerClasses = '[]', activeProfiles = '{}', propertySourceLocations = '{}', propertySourceProperties = '{}', contextCustomizers = set[org.springframework.boot.test.context.filter.ExcludeFilterContextCustomizer@c12234e, org.springframework.boot.test.json.DuplicateJsonObjectContextCustomizerFactory$DuplicateJsonObjectContextCustomizer@2aac8170, org.springframework.boot.test.mock.mockito.MockitoContextCustomizer@0, org.springframework.boot.test.autoconfigure.properties.PropertyMappingContextCustomizer@0, org.springframework.boot.test.autoconfigure.web.servlet.WebDriverContextCustomizerFactory$Customizer@61c32027, org.springframework.test.context.web.socket.MockServerContainerContextCustomizer@72602750], resourceBasePath = 'src/main/webapp', contextLoader = 'org.springframework.test.context.web.WebDelegatingSmartContextLoader', parent = [null]]]
10:22:01.377 [Test worker] DEBUG org.springframework.test.context.cache - Spring test ApplicationContext cache statistics: [DefaultContextCache@25d024df size = 1, maxSize = 32, parentContextCount = 0, hitCount = 9, missCount = 1]
10:22:01.378 [Test worker] DEBUG org.springframework.test.context.cache.DefaultCacheAwareContextLoaderDelegate - Retrieved ApplicationContext from cache with key [[WebMergedContextConfiguration@60f7b2e8 testClass = UserControllerTest, locations = '{}', classes = '{class com.orilinc.portfolio.configuration.ApplicationControllerBeans, class com.orilinc.portfolio.configuration.ApplicationRepositoryMockBeans, class com.orilinc.portfolio.configuration.ApplicationServiceMockBeans, class com.orilinc.portfolio.configuration.ApplicationPropertiesMockBeans}', contextInitializerClasses = '[]', activeProfiles = '{}', propertySourceLocations = '{}', propertySourceProperties = '{}', contextCustomizers = set[org.springframework.boot.test.context.filter.ExcludeFilterContextCustomizer@c12234e, org.springframework.boot.test.json.DuplicateJsonObjectContextCustomizerFactory$DuplicateJsonObjectContextCustomizer@2aac8170, org.springframework.boot.test.mock.mockito.MockitoContextCustomizer@0, org.springframework.boot.test.autoconfigure.properties.PropertyMappingContextCustomizer@0, org.springframework.boot.test.autoconfigure.web.servlet.WebDriverContextCustomizerFactory$Customizer@61c32027, org.springframework.test.context.web.socket.MockServerContainerContextCustomizer@72602750], resourceBasePath = 'src/main/webapp', contextLoader = 'org.springframework.test.context.web.WebDelegatingSmartContextLoader', parent = [null]]]
10:22:01.378 [Test worker] DEBUG org.springframework.test.context.cache - Spring test ApplicationContext cache statistics: [DefaultContextCache@25d024df size = 1, maxSize = 32, parentContextCount = 0, hitCount = 10, missCount = 1]
10:22:01.383 [Test worker] DEBUG org.springframework.beans.factory.support.DefaultListableBeanFactory - Returning cached instance of singleton bean 'org.springframework.boot.test.mock.mockito.MockitoBeans'
10:22:01.384 [Test worker] DEBUG org.springframework.test.context.cache.DefaultCacheAwareContextLoaderDelegate - Retrieved ApplicationContext from cache with key [[WebMergedContextConfiguration@60f7b2e8 testClass = UserControllerTest, locations = '{}', classes = '{class com.orilinc.portfolio.configuration.ApplicationControllerBeans, class com.orilinc.portfolio.configuration.ApplicationRepositoryMockBeans, class com.orilinc.portfolio.configuration.ApplicationServiceMockBeans, class com.orilinc.portfolio.configuration.ApplicationPropertiesMockBeans}', contextInitializerClasses = '[]', activeProfiles = '{}', propertySourceLocations = '{}', propertySourceProperties = '{}', contextCustomizers = set[org.springframework.boot.test.context.filter.ExcludeFilterContextCustomizer@c12234e, org.springframework.boot.test.json.DuplicateJsonObjectContextCustomizerFactory$DuplicateJsonObjectContextCustomizer@2aac8170, org.springframework.boot.test.mock.mockito.MockitoContextCustomizer@0, org.springframework.boot.test.autoconfigure.properties.PropertyMappingContextCustomizer@0, org.springframework.boot.test.autoconfigure.web.servlet.WebDriverContextCustomizerFactory$Customizer@61c32027, org.springframework.test.context.web.socket.MockServerContainerContextCustomizer@72602750], resourceBasePath = 'src/main/webapp', contextLoader = 'org.springframework.test.context.web.WebDelegatingSmartContextLoader', parent = [null]]]
10:22:01.384 [Test worker] DEBUG org.springframework.test.context.cache - Spring test ApplicationContext cache statistics: [DefaultContextCache@25d024df size = 1, maxSize = 32, parentContextCount = 0, hitCount = 11, missCount = 1]
10:22:01.385 [Test worker] DEBUG org.springframework.test.context.support.AbstractDirtiesContextTestExecutionListener - After test method: context [DefaultTestContext@1f59536d testClass = UserControllerTest, testInstance = com.orilinc.portfolio.controller.UserControllerTest@11850c2d, testMethod = getAllUser@UserControllerTest, testException = [null], mergedContextConfiguration = [WebMergedContextConfiguration@60f7b2e8 testClass = UserControllerTest, locations = '{}', classes = '{class com.orilinc.portfolio.configuration.ApplicationControllerBeans, class com.orilinc.portfolio.configuration.ApplicationRepositoryMockBeans, class com.orilinc.portfolio.configuration.ApplicationServiceMockBeans, class com.orilinc.portfolio.configuration.ApplicationPropertiesMockBeans}', contextInitializerClasses = '[]', activeProfiles = '{}', propertySourceLocations = '{}', propertySourceProperties = '{}', contextCustomizers = set[org.springframework.boot.test.context.filter.ExcludeFilterContextCustomizer@c12234e, org.springframework.boot.test.json.DuplicateJsonObjectContextCustomizerFactory$DuplicateJsonObjectContextCustomizer@2aac8170, org.springframework.boot.test.mock.mockito.MockitoContextCustomizer@0, org.springframework.boot.test.autoconfigure.properties.PropertyMappingContextCustomizer@0, org.springframework.boot.test.autoconfigure.web.servlet.WebDriverContextCustomizerFactory$Customizer@61c32027, org.springframework.test.context.web.socket.MockServerContainerContextCustomizer@72602750], resourceBasePath = 'src/main/webapp', contextLoader = 'org.springframework.test.context.web.WebDelegatingSmartContextLoader', parent = [null]]], class annotated with @DirtiesContext [false] with mode [null], method annotated with @DirtiesContext [false] with mode [null].
10:22:01.387 [Test worker] DEBUG org.springframework.test.context.web.ServletTestExecutionListener - Resetting RequestContextHolder for test context [DefaultTestContext@1f59536d testClass = UserControllerTest, testInstance = com.orilinc.portfolio.controller.UserControllerTest@11850c2d, testMethod = getAllUser@UserControllerTest, testException = [null], mergedContextConfiguration = [WebMergedContextConfiguration@60f7b2e8 testClass = UserControllerTest, locations = '{}', classes = '{class com.orilinc.portfolio.configuration.ApplicationControllerBeans, class com.orilinc.portfolio.configuration.ApplicationRepositoryMockBeans, class com.orilinc.portfolio.configuration.ApplicationServiceMockBeans, class com.orilinc.portfolio.configuration.ApplicationPropertiesMockBeans}', contextInitializerClasses = '[]', activeProfiles = '{}', propertySourceLocations = '{}', propertySourceProperties = '{}', contextCustomizers = set[org.springframework.boot.test.context.filter.ExcludeFilterContextCustomizer@c12234e, org.springframework.boot.test.json.DuplicateJsonObjectContextCustomizerFactory$DuplicateJsonObjectContextCustomizer@2aac8170, org.springframework.boot.test.mock.mockito.MockitoContextCustomizer@0, org.springframework.boot.test.autoconfigure.properties.PropertyMappingContextCustomizer@0, org.springframework.boot.test.autoconfigure.web.servlet.WebDriverContextCustomizerFactory$Customizer@61c32027, org.springframework.test.context.web.socket.MockServerContainerContextCustomizer@72602750], resourceBasePath = 'src/main/webapp', contextLoader = 'org.springframework.test.context.web.WebDelegatingSmartContextLoader', parent = [null]]].
10:22:01.388 [Test worker] DEBUG org.springframework.test.context.support.AbstractDirtiesContextTestExecutionListener - After test class: context [DefaultTestContext@1f59536d testClass = UserControllerTest, testInstance = [null], testMethod = [null], testException = [null], mergedContextConfiguration = [WebMergedContextConfiguration@60f7b2e8 testClass = UserControllerTest, locations = '{}', classes = '{class com.orilinc.portfolio.configuration.ApplicationControllerBeans, class com.orilinc.portfolio.configuration.ApplicationRepositoryMockBeans, class com.orilinc.portfolio.configuration.ApplicationServiceMockBeans, class com.orilinc.portfolio.configuration.ApplicationPropertiesMockBeans}', contextInitializerClasses = '[]', activeProfiles = '{}', propertySourceLocations = '{}', propertySourceProperties = '{}', contextCustomizers = set[org.springframework.boot.test.context.filter.ExcludeFilterContextCustomizer@c12234e, org.springframework.boot.test.json.DuplicateJsonObjectContextCustomizerFactory$DuplicateJsonObjectContextCustomizer@2aac8170, org.springframework.boot.test.mock.mockito.MockitoContextCustomizer@0, org.springframework.boot.test.autoconfigure.properties.PropertyMappingContextCustomizer@0, org.springframework.boot.test.autoconfigure.web.servlet.WebDriverContextCustomizerFactory$Customizer@61c32027, org.springframework.test.context.web.socket.MockServerContainerContextCustomizer@72602750], resourceBasePath = 'src/main/webapp', contextLoader = 'org.springframework.test.context.web.WebDelegatingSmartContextLoader', parent = [null]]], class annotated with @DirtiesContext [false] with mode [null].
]]></system-out>
  <system-err><![CDATA[]]></system-err>
</testsuite>
